<?xml version="1.0" encoding="UTF-8"?>
<testsuite name="com.bridgelabz.MyLinkListTest" tests="8" skipped="0" failures="0" errors="0" timestamp="2021-06-10T11:10:11" hostname="LAPTOP-DILI6N8Q" time="0.016">
  <properties/>
  <testcase name="provideThreeNumber_WhenNotAddedToTop_ShouldTestCaseNotPassed" classname="com.bridgelabz.MyLinkListTest" time="0.007"/>
  <testcase name="provideThreeNumber_WhenAddedToUserPosition_ShouldReturnTrue" classname="com.bridgelabz.MyLinkListTest" time="0.0"/>
  <testcase name="provideThreeNumber_WhenNotAddedToLast_ShouldTestCase_NotPassed" classname="com.bridgelabz.MyLinkListTest" time="0.0"/>
  <testcase name="provideThreeNumber_WhenLinked_shouldTestCasePassed" classname="com.bridgelabz.MyLinkListTest" time="0.0"/>
  <testcase name="provideThreeNumber_WhenAddedToTop_ShouldTestCasePassed" classname="com.bridgelabz.MyLinkListTest" time="0.0"/>
  <testcase name="deleteSecondNumber_WhenSecondWillNotBeDeleted_TestShouldReturnFalse" classname="com.bridgelabz.MyLinkListTest" time="0.001"/>
  <testcase name="provideThreeNumber_WhenAddedToLast_ShouldTestCasePassed" classname="com.bridgelabz.MyLinkListTest" time="0.0"/>
  <testcase name="deleteSecondNumber_WhenSecondWillBeDeleted_TestCaseShouldPass" classname="com.bridgelabz.MyLinkListTest" time="0.001"/>
  <system-out><![CDATA[]]></system-out>
  <system-err><![CDATA[]]></system-err>
</testsuite>
